#
# There is insufficient memory for the Java Runtime Environment to continue.
# Native memory allocation (mmap) failed to map 67108864 bytes for Failed to commit area from 0x00000000fc000000 to 0x0000000100000000 of length 67108864.
# Possible reasons:
#   The system is out of physical RAM or swap space
#   The process is running with CompressedOops enabled, and the Java Heap may be blocking the growth of the native heap
# Possible solutions:
#   Reduce memory load on the system
#   Increase physical memory or swap space
#   Check if swap backing store is full
#   Decrease Java heap size (-Xmx/-Xms)
#   Decrease number of Java threads
#   Decrease Java thread stack sizes (-Xss)
#   Set larger code cache with -XX:ReservedCodeCacheSize=
# This output file may be truncated or incomplete.
#
#  Out of Memory Error (./src/hotspot/os/windows/os_windows.cpp:3386), pid=15620, tid=11576
#
# JRE version:  (11.0.18+10) (build )
# Java VM: OpenJDK 64-Bit Server VM (11.0.18+10-LTS, mixed mode, sharing, tiered, compressed oops, g1 gc, windows-amd64)
# No core dump will be written. Minidumps are not enabled by default on client versions of Windows
#

---------------  S U M M A R Y ------------

Command Line: -Xmx64m -Xms64m -Dorg.gradle.appname=gradlew org.gradle.wrapper.GradleWrapperMain app:installDebug -PreactNativeDevServerPort=8081

Host: Intel(R) Core(TM) i5-4210M CPU @ 2.60GHz, 4 cores, 7G,  Windows 10 , 64 bit Build 19041 (10.0.19041.3031)
Time: Thu Jul 20 16:13:06 2023 India Standard Time elapsed time: 0.152370 seconds (0d 0h 0m 0s)

---------------  T H R E A D  ---------------

Current thread (0x000001eec81d2800):  JavaThread "Unknown thread" [_thread_in_vm, id=11576, stack(0x000000735da00000,0x000000735db00000)]

Stack: [0x000000735da00000,0x000000735db00000]
Native frames: (J=compiled Java code, j=interpreted, Vv=VM code, C=native code)
V  [jvm.dll+0x62bf8a]
V  [jvm.dll+0x7b8fb9]
V  [jvm.dll+0x7ba6a8]
V  [jvm.dll+0x7bad83]
V  [jvm.dll+0x250248]
V  [jvm.dll+0x62929a]
V  [jvm.dll+0x61d855]
V  [jvm.dll+0x30c32c]
V  [jvm.dll+0x30c1b2]
V  [jvm.dll+0x310ec6]
V  [jvm.dll+0x356f0f]
V  [jvm.dll+0x356940]
V  [jvm.dll+0x2e9348]
V  [jvm.dll+0x2ea4a6]
V  [jvm.dll+0x792e07]
V  [jvm.dll+0x79458f]
V  [jvm.dll+0x363c69]
V  [jvm.dll+0x775d70]
V  [jvm.dll+0x3d297f]
V  [jvm.dll+0x3d4d11]
C  [jli.dll+0x5207]
C  [ucrtbase.dll+0x21bb2]
C  [KERNEL32.DLL+0x17614]
C  [ntdll.dll+0x526f1]


---------------  P R O C E S S  ---------------

Threads class SMR info:
_java_thread_list=0x000001eec60b5230, length=0, elements={
}

Java Threads: ( => current thread )

Other Threads:
  0x000001eec81e9000 GCTaskThread "GC Thread#0" [stack: 0x000000735db00000,0x000000735dc00000] [id=14632]
  0x000001eec81f1000 ConcurrentGCThread "G1 Main Marker" [stack: 0x000000735dc00000,0x000000735dd00000] [id=21292]
  0x000001eec81f2800 ConcurrentGCThread "G1 Conc#0" [stack: 0x000000735dd00000,0x000000735de00000] [id=11948]

[error occurred during error reporting (printing all threads), id 0xc0000005, EXCEPTION_ACCESS_VIOLATION (0xc0000005) at pc=0x00007ffdaabf8b17]

VM state:not at safepoint (not fully initialized)

VM Mutex/Monitor currently owned by a thread:  ([mutex/lock_event])
[0x000001eec81ce850] Heap_lock - owner thread: 0x000001eec81d2800

Heap address: 0x00000000fc000000, size: 64 MB, Compressed Oops mode: Non-zero based: 0x00000000fc000000
Narrow klass base: 0x0000000000000000, Narrow klass shift: 0

GC Heap History (0 events):
No events

Deoptimization events (0 events):
No events

Classes redefined (0 events):
No events

Internal exceptions (0 events):
No events

Events (1 events):
Event: 0.096 Loaded shared library C:\Program Files\Microsoft\jdk-11.0.18.10-hotspot\bin\zip.dll


Dynamic libraries:
0x00007ff7fb700000 - 0x00007ff7fb70d000 	C:\Program Files\Microsoft\jdk-11.0.18.10-hotspot\bin\java.exe
0x00007ffdfa770000 - 0x00007ffdfa968000 	C:\Windows\SYSTEM32\ntdll.dll
0x00007ffdf8b00000 - 0x00007ffdf8bbf000 	C:\Windows\System32\KERNEL32.DLL
0x00007ffdf7fb0000 - 0x00007ffdf82a6000 	C:\Windows\System32\KERNELBASE.dll
0x00007ffdf8680000 - 0x00007ffdf8780000 	C:\Windows\System32\ucrtbase.dll
0x00007ffdeb820000 - 0x00007ffdeb837000 	C:\Program Files\Microsoft\jdk-11.0.18.10-hotspot\bin\jli.dll
0x00007ffddd910000 - 0x00007ffddd925000 	C:\Program Files\Microsoft\jdk-11.0.18.10-hotspot\bin\VCRUNTIME140.dll
0x00007ffdf9090000 - 0x00007ffdf922d000 	C:\Windows\System32\USER32.dll
0x00007ffdf85b0000 - 0x00007ffdf85d2000 	C:\Windows\System32\win32u.dll
0x00007ffde72d0000 - 0x00007ffde756a000 	C:\Windows\WinSxS\amd64_microsoft.windows.common-controls_6595b64144ccf1df_6.0.19041.1110_none_60b5254171f9507e\COMCTL32.dll
0x00007ffdf8a60000 - 0x00007ffdf8afe000 	C:\Windows\System32\msvcrt.dll
0x00007ffdf95c0000 - 0x00007ffdf95ec000 	C:\Windows\System32\GDI32.dll
0x00007ffdf8490000 - 0x00007ffdf85a5000 	C:\Windows\System32\gdi32full.dll
0x00007ffdf82b0000 - 0x00007ffdf834d000 	C:\Windows\System32\msvcp_win.dll
0x00007ffdf8900000 - 0x00007ffdf8930000 	C:\Windows\System32\IMM32.DLL
0x00007ffdccf40000 - 0x00007ffdccfdb000 	C:\Program Files\Microsoft\jdk-11.0.18.10-hotspot\bin\msvcp140.dll
0x00007ffdaa900000 - 0x00007ffdab492000 	C:\Program Files\Microsoft\jdk-11.0.18.10-hotspot\bin\server\jvm.dll
0x00007ffdf9680000 - 0x00007ffdf972f000 	C:\Windows\System32\ADVAPI32.dll
0x00007ffdf9b10000 - 0x00007ffdf9bac000 	C:\Windows\System32\sechost.dll
0x00007ffdf8930000 - 0x00007ffdf8a56000 	C:\Windows\System32\RPCRT4.dll
0x00007ffdf9730000 - 0x00007ffdf9738000 	C:\Windows\System32\PSAPI.DLL
0x00007ffdf2340000 - 0x00007ffdf2349000 	C:\Windows\SYSTEM32\WSOCK32.dll
0x00007ffdeb9a0000 - 0x00007ffdeb9aa000 	C:\Windows\SYSTEM32\VERSION.dll
0x00007ffde7d90000 - 0x00007ffde7db7000 	C:\Windows\SYSTEM32\WINMM.dll
0x00007ffdf9460000 - 0x00007ffdf94cb000 	C:\Windows\System32\WS2_32.dll
0x00007ffdf66c0000 - 0x00007ffdf66d2000 	C:\Windows\SYSTEM32\kernel.appcore.dll
0x00007ffdeb570000 - 0x00007ffdeb580000 	C:\Program Files\Microsoft\jdk-11.0.18.10-hotspot\bin\verify.dll
0x00007ffde78e0000 - 0x00007ffde7ac4000 	C:\Windows\SYSTEM32\DBGHELP.DLL
0x00007ffde76c0000 - 0x00007ffde76f4000 	C:\Windows\SYSTEM32\dbgcore.DLL
0x00007ffdf8350000 - 0x00007ffdf83d2000 	C:\Windows\System32\bcryptPrimitives.dll
0x00007ffdd9600000 - 0x00007ffdd9628000 	C:\Program Files\Microsoft\jdk-11.0.18.10-hotspot\bin\java.dll
0x00007ffdeb260000 - 0x00007ffdeb26a000 	C:\Program Files\Microsoft\jdk-11.0.18.10-hotspot\bin\jimage.dll
0x00007ffddd130000 - 0x00007ffddd148000 	C:\Program Files\Microsoft\jdk-11.0.18.10-hotspot\bin\zip.dll

dbghelp: loaded successfully - version: 4.0.5 - missing functions: none
symbol engine: initialized successfully - sym options: 0x614 - pdb path: .;C:\Program Files\Microsoft\jdk-11.0.18.10-hotspot\bin;C:\Windows\SYSTEM32;C:\Windows\WinSxS\amd64_microsoft.windows.common-controls_6595b64144ccf1df_6.0.19041.1110_none_60b5254171f9507e;C:\Program Files\Microsoft\jdk-11.0.18.10-hotspot\bin\server

VM Arguments:
jvm_args: -Xmx64m -Xms64m -Dorg.gradle.appname=gradlew 
java_command: org.gradle.wrapper.GradleWrapperMain app:installDebug -PreactNativeDevServerPort=8081
java_class_path (initial): E:\Ccc_training\React_Native\CHECK_EXAMPLE\BLUETOOTH\BluetoothClassicExample-copy-main\android\\gradle\wrapper\gradle-wrapper.jar
Launcher Type: SUN_STANDARD

[Global flags]
     intx CICompilerCount                          = 3                                         {product} {ergonomic}
     uint ConcGCThreads                            = 1                                         {product} {ergonomic}
     uint G1ConcRefinementThreads                  = 4                                         {product} {ergonomic}
   size_t G1HeapRegionSize                         = 1048576                                   {product} {ergonomic}
    uintx GCDrainStackTargetSize                   = 64                                        {product} {ergonomic}
   size_t InitialHeapSize                          = 67108864                                  {product} {command line}
   size_t MarkStackSize                            = 4194304                                   {product} {ergonomic}
   size_t MaxHeapSize                              = 67108864                                  {product} {command line}
   size_t MinHeapDeltaBytes                        = 1048576                                   {product} {ergonomic}
    uintx NonNMethodCodeHeapSize                   = 5830732                                {pd product} {ergonomic}
    uintx NonProfiledCodeHeapSize                  = 122913754                              {pd product} {ergonomic}
    uintx ProfiledCodeHeapSize                     = 122913754                              {pd product} {ergonomic}
    uintx ReservedCodeCacheSize                    = 251658240                              {pd product} {ergonomic}
     bool SegmentedCodeCache                       = true                                      {product} {ergonomic}
     bool UseCompressedClassPointers               = true                                 {lp64_product} {ergonomic}
     bool UseCompressedOops                        = true                                 {lp64_product} {ergonomic}
     bool UseG1GC                                  = true                                      {product} {ergonomic}
     bool UseLargePagesIndividualAllocation        = false                                  {pd product} {ergonomic}

Logging:
Log output configuration:
 #0: stdout all=warning uptime,level,tags
 #1: stderr all=off uptime,level,tags

Environment Variables:
JAVA_HOME=C:\Program Files\Microsoft\jdk-11.0.18.10-hotspot\
CLASSPATH=E:\Ccc_training\React_Native\CHECK_EXAMPLE\BLUETOOTH\BluetoothClassicExample-copy-main\android\\gradle\wrapper\gradle-wrapper.jar
PATH=E:\Ccc_training\React_Native\CHECK_EXAMPLE\BLUETOOTH\BluetoothClassicExample-copy-main\node_modules\.bin;E:\Ccc_training\React_Native\CHECK_EXAMPLE\BLUETOOTH\node_modules\.bin;E:\Ccc_training\React_Native\CHECK_EXAMPLE\node_modules\.bin;E:\Ccc_training\React_Native\node_modules\.bin;E:\Ccc_training\node_modules\.bin;E:\node_modules\.bin;C:\Program Files\nodejs\node_modules\npm\node_modules\@npmcli\run-script\lib\node-gyp-bin;C:\Python311\Scripts\;C:\Python311\;C:\Program Files\Microsoft\jdk-11.0.18.10-hotspot\bin;C:\Program Files\Microsoft\jdk-17.0.6.10-hotspot\bin;C:\Program Files\Eclipse Adoptium\jdk-11.0.17.8-hotspot\bin;C:\Windows\system32;C:\Windows;C:\Windows\System32\Wbem;C:\Windows\System32\WindowsPowerShell\v1.0\;C:\Windows\System32\OpenSSH\;C:\Program Files\Git\cmd;C:\ProgramData\chocolatey\bin;C:\xampp\php;C:\composer;C:\Program Files\nodejs\;C:\Users\mihir\AppData\Local\Microsoft\WindowsApps;C:\Users\mihir\AppData\Local\Programs\Microsoft VS Code\bin;C:\Users\mihir\AppData\Local\Android\Sdk\platform-tools;C:\Users\mihir\AppData\Roaming\Composer\vendor\bin;C:\Users\mihir\AppData\Roaming\npm
USERNAME=mihir
LANG=en_US.UTF-8
OS=Windows_NT
PROCESSOR_IDENTIFIER=Intel64 Family 6 Model 60 Stepping 3, GenuineIntel
TMP=C:\Users\mihir\AppData\Local\Temp
TEMP=C:\Users\mihir\AppData\Local\Temp



---------------  S Y S T E M  ---------------

OS: Windows 10 , 64 bit Build 19041 (10.0.19041.3031)
OS uptime: 0 days 4:43 hours

CPU:total 4 (initial active 4) (2 cores per cpu, 2 threads per core) family 6 model 60 stepping 3 microcode 0x28, cmov, cx8, fxsr, mmx, sse, sse2, sse3, ssse3, sse4.1, sse4.2, popcnt, avx, avx2, aes, clmul, erms, lzcnt, ht, tsc, tscinvbit, bmi1, bmi2, fma

Memory: 4k page, system-wide physical 8073M (472M free)
TotalPageFile size 32649M (AvailPageFile size 34M)
current process WorkingSet (physical memory assigned to process): 9M, peak: 9M
current process commit charge ("private bytes"): 51M, peak: 115M

vm_info: OpenJDK 64-Bit Server VM (11.0.18+10-LTS) for windows-amd64 JRE (11.0.18+10-LTS), built on Jan 18 2023 15:56:47 by "MicrosoftCorporation" with MS VC++ 15.9 (VS2017)

END.
